{
  "RSpec": {
    "coverage": {
      "/home/koggs/projects/newsroom-april/app/models/user.rb": [
        1,
        1,
        null,
        1,
        null,
        1,
        null,
        null,
        1,
        1,
        1,
        null,
        1,
        null,
        1,
        14,
        null,
        null
      ],
      "/home/koggs/projects/newsroom-april/app/models/application_record.rb": [
        1,
        1,
        null
      ],
      "/home/koggs/projects/newsroom-april/app/helpers/application_helper.rb": [
        1,
        null
      ],
      "/home/koggs/projects/newsroom-april/app/models/article.rb": [
        1,
        1,
        1,
        1,
        1,
        1,
        null
      ],
      "/home/koggs/projects/newsroom-april/app/models/category.rb": [
        1,
        1,
        1,
        null
      ],
      "/home/koggs/projects/newsroom-april/app/models/comment.rb": [
        1,
        1,
        1,
        1,
        null
      ],
      "/home/koggs/projects/newsroom-april/app/policies/article_policy.rb": [
        1,
        null,
        1,
        6,
        null,
        null,
        1,
        3,
        null,
        null,
        1,
        0,
        null,
        null,
        1,
        0,
        null,
        null,
        1,
        0,
        null,
        null
      ],
      "/home/koggs/projects/newsroom-april/app/policies/application_policy.rb": [
        1,
        1,
        null,
        1,
        3,
        3,
        null,
        null
      ],
      "/home/koggs/projects/newsroom-april/app/channels/application_cable/connection.rb": [
        0,
        0,
        0,
        0
      ],
      "/home/koggs/projects/newsroom-april/app/channels/application_cable/channel.rb": [
        0,
        0,
        0,
        0
      ],
      "/home/koggs/projects/newsroom-april/app/mailers/application_mailer.rb": [
        0,
        0,
        0,
        0
      ],
      "/home/koggs/projects/newsroom-april/app/controllers/comments_controller.rb": [
        0,
        0,
        0,
        0,
        0,
        0,
        0,
        0,
        0,
        0,
        0,
        null,
        0,
        0,
        0,
        0,
        null,
        0,
        0,
        0,
        null,
        0,
        0,
        0,
        0,
        0,
        0,
        0,
        0,
        0
      ],
      "/home/koggs/projects/newsroom-april/app/controllers/articles_controller.rb": [
        0,
        0,
        0,
        null,
        0,
        0,
        0,
        null,
        0,
        0,
        0,
        0,
        0,
        0,
        0,
        0,
        null,
        0,
        0,
        0,
        0,
        null,
        0,
        0,
        0,
        0,
        0,
        0,
        0,
        0,
        0,
        0,
        0,
        0,
        null,
        0,
        0,
        0,
        0,
        null,
        0,
        0,
        0,
        0,
        0,
        0,
        0,
        0,
        0,
        0,
        0,
        null,
        0,
        0,
        0,
        0,
        0,
        0,
        0,
        0,
        0,
        null,
        0,
        0,
        0,
        0,
        null,
        0,
        0,
        0,
        null,
        0,
        0,
        0,
        0,
        0,
        0,
        0,
        0,
        0
      ],
      "/home/koggs/projects/newsroom-april/app/controllers/application_controller.rb": [
        0,
        0,
        0,
        0,
        null,
        0,
        0,
        0,
        0,
        null,
        0,
        0,
        0,
        0,
        0
      ],
      "/home/koggs/projects/newsroom-april/app/controllers/categories_controller.rb": [
        0,
        0,
        0,
        0,
        0,
        0,
        0
      ],
      "/home/koggs/projects/newsroom-april/app/jobs/application_job.rb": [
        0,
        0
      ]
    },
    "timestamp": 1527964282
  },
  "Cucumber Features": {
    "coverage": {
      "/mnt/share/projects/newsroom-april/app/models/user.rb": [
        1,
        1,
        null,
        1,
        null,
        1,
        null,
        null,
        1,
        1,
        1,
        null,
        1,
        null,
        1,
        79,
        null,
        null
      ],
      "/mnt/share/projects/newsroom-april/app/models/application_record.rb": [
        1,
        1,
        null
      ],
      "/mnt/share/projects/newsroom-april/app/models/category.rb": [
        1,
        1,
        1,
        null
      ],
      "/mnt/share/projects/newsroom-april/app/models/article.rb": [
        1,
        1,
        1,
        1,
        1,
        1,
        null
      ],
      "/mnt/share/projects/newsroom-april/app/controllers/articles_controller.rb": [
        1,
        1,
        1,
        null,
        1,
        26,
        null,
        null,
        1,
        24,
        24,
        24,
        0,
        0,
        null,
        null,
        null,
        1,
        6,
        6,
        null,
        null,
        1,
        5,
        5,
        5,
        5,
        3,
        3,
        null,
        2,
        2,
        null,
        null,
        null,
        1,
        2,
        2,
        null,
        null,
        1,
        0,
        0,
        0,
        0,
        0,
        null,
        0,
        0,
        null,
        null,
        null,
        1,
        0,
        0,
        0,
        null,
        0,
        null,
        0,
        null,
        null,
        1,
        1,
        5,
        null,
        null,
        1,
        39,
        null,
        null,
        1,
        3,
        null,
        2,
        null,
        1,
        null,
        null,
        null
      ],
      "/mnt/share/projects/newsroom-april/app/controllers/application_controller.rb": [
        1,
        1,
        1,
        1,
        null,
        1,
        1,
        3,
        null,
        null,
        1,
        71,
        71,
        null,
        null
      ],
      "/mnt/share/projects/newsroom-april/app/helpers/application_helper.rb": [
        1,
        null
      ],
      "/mnt/share/projects/newsroom-april/app/controllers/categories_controller.rb": [
        1,
        1,
        2,
        2,
        2,
        null,
        null
      ],
      "/mnt/share/projects/newsroom-april/app/policies/article_policy.rb": [
        1,
        null,
        1,
        55,
        null,
        null,
        1,
        0,
        null,
        null,
        1,
        26,
        null,
        null,
        1,
        0,
        null,
        null,
        1,
        24,
        null,
        null
      ],
      "/mnt/share/projects/newsroom-april/app/policies/application_policy.rb": [
        1,
        1,
        null,
        1,
        81,
        81,
        null,
        null
      ],
      "/mnt/share/projects/newsroom-april/app/models/comment.rb": [
        1,
        1,
        1,
        1,
        null
      ],
      "/mnt/share/projects/newsroom-april/app/controllers/comments_controller.rb": [
        1,
        1,
        4,
        4,
        4,
        4,
        null,
        0,
        null,
        4,
        null,
        null,
        1,
        1,
        4,
        null,
        null,
        1,
        8,
        null,
        null,
        1,
        4,
        null,
        1,
        null,
        3,
        null,
        null,
        null
      ],
      "/mnt/share/projects/newsroom-april/app/mailers/application_mailer.rb": [
        0,
        0,
        0,
        0
      ],
      "/mnt/share/projects/newsroom-april/app/channels/application_cable/connection.rb": [
        0,
        0,
        0,
        0
      ],
      "/mnt/share/projects/newsroom-april/app/channels/application_cable/channel.rb": [
        0,
        0,
        0,
        0
      ],
      "/mnt/share/projects/newsroom-april/app/jobs/application_job.rb": [
        0,
        0
      ]
    },
    "timestamp": 1528100081
  }
}
